[2025-05-27T02:09:35.310+0000] {manager.py:483} INFO - Processing files using up to 2 processes at a time 
[2025-05-27T02:09:35.320+0000] {manager.py:484} INFO - Process each file at most once every 30 seconds
[2025-05-27T02:09:35.320+0000] {manager.py:486} INFO - Checking for new files in /opt/airflow/dags every 300 seconds
[2025-05-27T02:09:35.332+0000] {manager.py:726} INFO - Searching for files in /opt/airflow/dags
[2025-05-27T02:09:35.334+0000] {manager.py:729} INFO - There are 0 files in /opt/airflow/dags
[2025-05-27T02:14:36.197+0000] {manager.py:726} INFO - Searching for files in /opt/airflow/dags
[2025-05-27T02:14:36.198+0000] {manager.py:729} INFO - There are 0 files in /opt/airflow/dags
[2025-05-27T02:19:36.367+0000] {manager.py:726} INFO - Searching for files in /opt/airflow/dags
[2025-05-27T02:19:36.370+0000] {manager.py:729} INFO - There are 0 files in /opt/airflow/dags
[2025-05-27T02:22:18.780+0000] {manager.py:465} INFO - Exiting gracefully upon receiving signal 15
[2025-05-27T02:23:59.402+0000] {manager.py:483} INFO - Processing files using up to 2 processes at a time 
[2025-05-27T02:23:59.412+0000] {manager.py:484} INFO - Process each file at most once every 30 seconds
[2025-05-27T02:23:59.412+0000] {manager.py:486} INFO - Checking for new files in /opt/airflow/dags every 300 seconds
[2025-05-27T02:23:59.412+0000] {manager.py:726} INFO - Searching for files in /opt/airflow/dags
[2025-05-27T02:23:59.413+0000] {manager.py:729} INFO - There are 0 files in /opt/airflow/dags
[2025-05-27T02:28:59.671+0000] {manager.py:726} INFO - Searching for files in /opt/airflow/dags
[2025-05-27T02:28:59.672+0000] {manager.py:729} INFO - There are 0 files in /opt/airflow/dags
[2025-05-27T02:33:59.800+0000] {manager.py:726} INFO - Searching for files in /opt/airflow/dags
[2025-05-27T02:33:59.801+0000] {manager.py:729} INFO - There are 0 files in /opt/airflow/dags
[2025-05-27T02:35:14.058+0000] {manager.py:465} INFO - Exiting gracefully upon receiving signal 15
[2025-05-27T02:36:28.439+0000] {manager.py:483} INFO - Processing files using up to 2 processes at a time 
[2025-05-27T02:36:28.447+0000] {manager.py:484} INFO - Process each file at most once every 30 seconds
[2025-05-27T02:36:28.448+0000] {manager.py:486} INFO - Checking for new files in /opt/airflow/dags every 300 seconds
[2025-05-27T02:36:28.448+0000] {manager.py:726} INFO - Searching for files in /opt/airflow/dags
[2025-05-27T02:36:28.457+0000] {manager.py:729} INFO - There are 0 files in /opt/airflow/dags
[2025-05-27T02:37:56.245+0000] {manager.py:465} INFO - Exiting gracefully upon receiving signal 15
[2025-05-27T02:47:22.023+0000] {manager.py:483} INFO - Processing files using up to 2 processes at a time 
[2025-05-27T02:47:22.028+0000] {manager.py:484} INFO - Process each file at most once every 30 seconds
[2025-05-27T02:47:22.028+0000] {manager.py:486} INFO - Checking for new files in /opt/airflow/dags every 300 seconds
[2025-05-27T02:47:22.029+0000] {manager.py:726} INFO - Searching for files in /opt/airflow/dags
[2025-05-27T02:47:22.031+0000] {manager.py:729} INFO - There are 0 files in /opt/airflow/dags
[2025-05-27T02:47:27.802+0000] {manager.py:465} INFO - Exiting gracefully upon receiving signal 15
[2025-05-27T02:47:59.639+0000] {manager.py:483} INFO - Processing files using up to 2 processes at a time 
[2025-05-27T02:47:59.642+0000] {manager.py:484} INFO - Process each file at most once every 30 seconds
[2025-05-27T02:47:59.642+0000] {manager.py:486} INFO - Checking for new files in /opt/airflow/dags every 300 seconds
[2025-05-27T02:47:59.642+0000] {manager.py:726} INFO - Searching for files in /opt/airflow/dags
[2025-05-27T02:47:59.643+0000] {manager.py:729} INFO - There are 0 files in /opt/airflow/dags
[2025-05-27T02:48:41.592+0000] {manager.py:465} INFO - Exiting gracefully upon receiving signal 15
[2025-05-27T02:49:36.214+0000] {manager.py:483} INFO - Processing files using up to 2 processes at a time 
[2025-05-27T02:49:36.230+0000] {manager.py:484} INFO - Process each file at most once every 30 seconds
[2025-05-27T02:49:36.230+0000] {manager.py:486} INFO - Checking for new files in /opt/airflow/dags every 300 seconds
[2025-05-27T02:49:36.230+0000] {manager.py:726} INFO - Searching for files in /opt/airflow/dags
[2025-05-27T02:49:36.231+0000] {manager.py:729} INFO - There are 0 files in /opt/airflow/dags
[2025-05-27T02:54:36.381+0000] {manager.py:726} INFO - Searching for files in /opt/airflow/dags
[2025-05-27T02:54:36.406+0000] {manager.py:729} INFO - There are 0 files in /opt/airflow/dags
[2025-05-27T02:57:53.569+0000] {manager.py:465} INFO - Exiting gracefully upon receiving signal 15
[2025-05-27T03:14:36.196+0000] {manager.py:483} INFO - Processing files using up to 2 processes at a time 
[2025-05-27T03:14:36.222+0000] {manager.py:484} INFO - Process each file at most once every 30 seconds
[2025-05-27T03:14:36.225+0000] {manager.py:486} INFO - Checking for new files in /opt/airflow/dags every 300 seconds
[2025-05-27T03:14:36.225+0000] {manager.py:726} INFO - Searching for files in /opt/airflow/dags
[2025-05-27T03:14:36.226+0000] {manager.py:729} INFO - There are 0 files in /opt/airflow/dags
[2025-05-27T03:19:36.631+0000] {manager.py:726} INFO - Searching for files in /opt/airflow/dags
[2025-05-27T03:19:36.641+0000] {manager.py:729} INFO - There are 0 files in /opt/airflow/dags
[2025-05-27T03:24:37.559+0000] {manager.py:726} INFO - Searching for files in /opt/airflow/dags
[2025-05-27T03:24:37.560+0000] {manager.py:729} INFO - There are 0 files in /opt/airflow/dags
[2025-05-27T03:29:37.736+0000] {manager.py:726} INFO - Searching for files in /opt/airflow/dags
[2025-05-27T03:29:37.737+0000] {manager.py:729} INFO - There are 0 files in /opt/airflow/dags
[2025-05-27T03:34:38.433+0000] {manager.py:726} INFO - Searching for files in /opt/airflow/dags
[2025-05-27T03:34:38.444+0000] {manager.py:729} INFO - There are 0 files in /opt/airflow/dags
[2025-05-27T03:39:39.430+0000] {manager.py:726} INFO - Searching for files in /opt/airflow/dags
[2025-05-27T03:39:39.431+0000] {manager.py:729} INFO - There are 0 files in /opt/airflow/dags
[2025-05-27T03:44:39.951+0000] {manager.py:726} INFO - Searching for files in /opt/airflow/dags
[2025-05-27T03:44:39.952+0000] {manager.py:729} INFO - There are 0 files in /opt/airflow/dags
[2025-05-27T03:49:40.506+0000] {manager.py:726} INFO - Searching for files in /opt/airflow/dags
[2025-05-27T03:49:40.507+0000] {manager.py:729} INFO - There are 0 files in /opt/airflow/dags
[2025-05-27T03:54:40.989+0000] {manager.py:726} INFO - Searching for files in /opt/airflow/dags
[2025-05-27T03:54:40.990+0000] {manager.py:729} INFO - There are 0 files in /opt/airflow/dags
[2025-05-27T03:59:41.713+0000] {manager.py:726} INFO - Searching for files in /opt/airflow/dags
[2025-05-27T03:59:41.713+0000] {manager.py:729} INFO - There are 0 files in /opt/airflow/dags
[2025-05-27T04:04:42.366+0000] {manager.py:726} INFO - Searching for files in /opt/airflow/dags
[2025-05-27T04:04:42.367+0000] {manager.py:729} INFO - There are 0 files in /opt/airflow/dags
[2025-05-27T04:09:43.127+0000] {manager.py:726} INFO - Searching for files in /opt/airflow/dags
[2025-05-27T04:09:43.128+0000] {manager.py:729} INFO - There are 0 files in /opt/airflow/dags
[2025-05-27T04:14:43.734+0000] {manager.py:726} INFO - Searching for files in /opt/airflow/dags
[2025-05-27T04:14:43.736+0000] {manager.py:729} INFO - There are 0 files in /opt/airflow/dags
[2025-05-27T04:19:44.598+0000] {manager.py:726} INFO - Searching for files in /opt/airflow/dags
[2025-05-27T04:19:44.599+0000] {manager.py:729} INFO - There are 0 files in /opt/airflow/dags
[2025-05-27T04:24:44.791+0000] {manager.py:726} INFO - Searching for files in /opt/airflow/dags
[2025-05-27T04:24:44.792+0000] {manager.py:729} INFO - There are 0 files in /opt/airflow/dags
[2025-05-27T04:29:45.727+0000] {manager.py:726} INFO - Searching for files in /opt/airflow/dags
[2025-05-27T04:29:45.728+0000] {manager.py:729} INFO - There are 0 files in /opt/airflow/dags
[2025-05-27T04:34:46.026+0000] {manager.py:726} INFO - Searching for files in /opt/airflow/dags
[2025-05-27T04:34:46.027+0000] {manager.py:729} INFO - There are 0 files in /opt/airflow/dags
[2025-05-27T04:39:46.778+0000] {manager.py:726} INFO - Searching for files in /opt/airflow/dags
[2025-05-27T04:39:46.778+0000] {manager.py:729} INFO - There are 0 files in /opt/airflow/dags
[2025-05-27T04:44:47.184+0000] {manager.py:726} INFO - Searching for files in /opt/airflow/dags
[2025-05-27T04:44:47.185+0000] {manager.py:729} INFO - There are 0 files in /opt/airflow/dags
[2025-05-27T04:49:47.509+0000] {manager.py:726} INFO - Searching for files in /opt/airflow/dags
[2025-05-27T04:49:47.509+0000] {manager.py:729} INFO - There are 0 files in /opt/airflow/dags
[2025-05-27T04:54:47.684+0000] {manager.py:726} INFO - Searching for files in /opt/airflow/dags
[2025-05-27T04:54:47.685+0000] {manager.py:729} INFO - There are 0 files in /opt/airflow/dags
[2025-05-27T04:59:48.489+0000] {manager.py:726} INFO - Searching for files in /opt/airflow/dags
[2025-05-27T04:59:48.490+0000] {manager.py:729} INFO - There are 0 files in /opt/airflow/dags
[2025-05-27T05:04:49.361+0000] {manager.py:726} INFO - Searching for files in /opt/airflow/dags
[2025-05-27T05:04:49.372+0000] {manager.py:729} INFO - There are 0 files in /opt/airflow/dags
[2025-05-27T05:09:49.363+0000] {manager.py:726} INFO - Searching for files in /opt/airflow/dags
[2025-05-27T05:09:49.364+0000] {manager.py:729} INFO - There are 0 files in /opt/airflow/dags
[2025-05-27T05:14:49.413+0000] {manager.py:726} INFO - Searching for files in /opt/airflow/dags
[2025-05-27T05:14:49.414+0000] {manager.py:729} INFO - There are 0 files in /opt/airflow/dags
