[2025-06-09T01:36:09.438+0000] {manager.py:483} INFO - Processing files using up to 2 processes at a time 
[2025-06-09T01:36:09.439+0000] {manager.py:484} INFO - Process each file at most once every 30 seconds
[2025-06-09T01:36:09.439+0000] {manager.py:486} INFO - Checking for new files in /opt/airflow/dags every 300 seconds
[2025-06-09T01:36:09.439+0000] {manager.py:726} INFO - Searching for files in /opt/airflow/dags
[2025-06-09T01:36:09.440+0000] {manager.py:729} INFO - There are 0 files in /opt/airflow/dags
[2025-06-09T01:41:09.578+0000] {manager.py:726} INFO - Searching for files in /opt/airflow/dags
[2025-06-09T01:41:09.579+0000] {manager.py:729} INFO - There are 0 files in /opt/airflow/dags
[2025-06-09T01:46:09.712+0000] {manager.py:726} INFO - Searching for files in /opt/airflow/dags
[2025-06-09T01:46:09.712+0000] {manager.py:729} INFO - There are 0 files in /opt/airflow/dags
[2025-06-09T01:46:25.810+0000] {manager.py:465} INFO - Exiting gracefully upon receiving signal 15
[2025-06-09T01:48:02.244+0000] {manager.py:483} INFO - Processing files using up to 2 processes at a time 
[2025-06-09T01:48:02.246+0000] {manager.py:484} INFO - Process each file at most once every 30 seconds
[2025-06-09T01:48:02.246+0000] {manager.py:486} INFO - Checking for new files in /opt/airflow/dags every 300 seconds
[2025-06-09T01:48:02.246+0000] {manager.py:726} INFO - Searching for files in /opt/airflow/dags
[2025-06-09T01:48:02.247+0000] {manager.py:729} INFO - There are 0 files in /opt/airflow/dags
[2025-06-09T01:51:19.716+0000] {manager.py:465} INFO - Exiting gracefully upon receiving signal 15
[2025-06-09T01:52:55.580+0000] {manager.py:483} INFO - Processing files using up to 2 processes at a time 
[2025-06-09T01:52:55.581+0000] {manager.py:484} INFO - Process each file at most once every 30 seconds
[2025-06-09T01:52:55.581+0000] {manager.py:486} INFO - Checking for new files in /opt/airflow/dags every 300 seconds
[2025-06-09T01:52:55.582+0000] {manager.py:726} INFO - Searching for files in /opt/airflow/dags
[2025-06-09T01:52:55.583+0000] {manager.py:729} INFO - There are 0 files in /opt/airflow/dags
[2025-06-09T01:57:55.725+0000] {manager.py:726} INFO - Searching for files in /opt/airflow/dags
[2025-06-09T01:57:55.726+0000] {manager.py:729} INFO - There are 0 files in /opt/airflow/dags
[2025-06-09T01:58:54.740+0000] {manager.py:465} INFO - Exiting gracefully upon receiving signal 15
[2025-06-09T02:00:26.657+0000] {manager.py:483} INFO - Processing files using up to 2 processes at a time 
[2025-06-09T02:00:26.659+0000] {manager.py:484} INFO - Process each file at most once every 30 seconds
[2025-06-09T02:00:26.659+0000] {manager.py:486} INFO - Checking for new files in /opt/airflow/dags every 300 seconds
[2025-06-09T02:00:26.659+0000] {manager.py:726} INFO - Searching for files in /opt/airflow/dags
[2025-06-09T02:00:26.660+0000] {manager.py:729} INFO - There are 0 files in /opt/airflow/dags
[2025-06-09T02:01:21.516+0000] {manager.py:465} INFO - Exiting gracefully upon receiving signal 15
