[2025-05-27T06:17:30.836+0000] {manager.py:483} INFO - Processing files using up to 2 processes at a time 
[2025-05-27T06:17:30.872+0000] {manager.py:484} INFO - Process each file at most once every 30 seconds
[2025-05-27T06:17:30.872+0000] {manager.py:486} INFO - Checking for new files in /opt/airflow/dags every 300 seconds
[2025-05-27T06:17:30.873+0000] {manager.py:726} INFO - Searching for files in /opt/airflow/dags
[2025-05-27T06:17:30.874+0000] {manager.py:729} INFO - There are 0 files in /opt/airflow/dags
[2025-05-27T06:19:07.483+0000] {manager.py:465} INFO - Exiting gracefully upon receiving signal 15
[2025-05-27T06:20:31.192+0000] {manager.py:483} INFO - Processing files using up to 2 processes at a time 
[2025-05-27T06:20:31.204+0000] {manager.py:484} INFO - Process each file at most once every 30 seconds
[2025-05-27T06:20:31.204+0000] {manager.py:486} INFO - Checking for new files in /opt/airflow/dags every 300 seconds
[2025-05-27T06:20:31.204+0000] {manager.py:726} INFO - Searching for files in /opt/airflow/dags
[2025-05-27T06:20:31.205+0000] {manager.py:729} INFO - There are 0 files in /opt/airflow/dags
[2025-05-27T06:25:42.758+0000] {manager.py:726} INFO - Searching for files in /opt/airflow/dags
[2025-05-27T06:25:44.097+0000] {manager.py:729} INFO - There are 0 files in /opt/airflow/dags
[2025-05-27T06:30:56.536+0000] {manager.py:726} INFO - Searching for files in /opt/airflow/dags
[2025-05-27T06:30:56.634+0000] {manager.py:729} INFO - There are 0 files in /opt/airflow/dags
[2025-05-27T06:36:25.747+0000] {manager.py:726} INFO - Searching for files in /opt/airflow/dags
[2025-05-27T06:36:25.852+0000] {manager.py:729} INFO - There are 0 files in /opt/airflow/dags
[2025-05-27T06:41:25.788+0000] {manager.py:726} INFO - Searching for files in /opt/airflow/dags
[2025-05-27T06:41:25.792+0000] {manager.py:729} INFO - There are 0 files in /opt/airflow/dags
[2025-05-27T06:46:25.920+0000] {manager.py:726} INFO - Searching for files in /opt/airflow/dags
[2025-05-27T06:46:25.922+0000] {manager.py:729} INFO - There are 0 files in /opt/airflow/dags
[2025-05-27T06:51:26.819+0000] {manager.py:726} INFO - Searching for files in /opt/airflow/dags
[2025-05-27T06:51:26.819+0000] {manager.py:729} INFO - There are 0 files in /opt/airflow/dags
[2025-05-27T06:56:27.171+0000] {manager.py:726} INFO - Searching for files in /opt/airflow/dags
[2025-05-27T06:56:27.173+0000] {manager.py:729} INFO - There are 0 files in /opt/airflow/dags
[2025-05-27T07:01:27.304+0000] {manager.py:726} INFO - Searching for files in /opt/airflow/dags
[2025-05-27T07:01:27.304+0000] {manager.py:729} INFO - There are 0 files in /opt/airflow/dags
[2025-05-27T07:06:27.390+0000] {manager.py:726} INFO - Searching for files in /opt/airflow/dags
[2025-05-27T07:06:27.390+0000] {manager.py:729} INFO - There are 0 files in /opt/airflow/dags
[2025-05-27T07:11:28.389+0000] {manager.py:726} INFO - Searching for files in /opt/airflow/dags
[2025-05-27T07:11:28.390+0000] {manager.py:729} INFO - There are 0 files in /opt/airflow/dags
[2025-05-27T07:16:29.257+0000] {manager.py:726} INFO - Searching for files in /opt/airflow/dags
[2025-05-27T07:16:29.257+0000] {manager.py:729} INFO - There are 0 files in /opt/airflow/dags
[2025-05-27T07:21:29.481+0000] {manager.py:726} INFO - Searching for files in /opt/airflow/dags
[2025-05-27T07:21:29.482+0000] {manager.py:729} INFO - There are 0 files in /opt/airflow/dags
[2025-05-27T07:26:29.973+0000] {manager.py:726} INFO - Searching for files in /opt/airflow/dags
[2025-05-27T07:26:29.980+0000] {manager.py:729} INFO - There are 0 files in /opt/airflow/dags
[2025-05-27T07:31:30.617+0000] {manager.py:726} INFO - Searching for files in /opt/airflow/dags
[2025-05-27T07:31:30.618+0000] {manager.py:729} INFO - There are 0 files in /opt/airflow/dags
[2025-05-27T07:36:31.038+0000] {manager.py:726} INFO - Searching for files in /opt/airflow/dags
[2025-05-27T07:36:31.039+0000] {manager.py:729} INFO - There are 0 files in /opt/airflow/dags
[2025-05-27T07:41:32.022+0000] {manager.py:726} INFO - Searching for files in /opt/airflow/dags
[2025-05-27T07:41:32.022+0000] {manager.py:729} INFO - There are 0 files in /opt/airflow/dags
[2025-05-27T07:46:33.019+0000] {manager.py:726} INFO - Searching for files in /opt/airflow/dags
[2025-05-27T07:46:33.019+0000] {manager.py:729} INFO - There are 0 files in /opt/airflow/dags
[2025-05-27T07:51:33.200+0000] {manager.py:726} INFO - Searching for files in /opt/airflow/dags
[2025-05-27T07:51:33.201+0000] {manager.py:729} INFO - There are 0 files in /opt/airflow/dags
[2025-05-27T07:56:33.409+0000] {manager.py:726} INFO - Searching for files in /opt/airflow/dags
[2025-05-27T07:56:33.410+0000] {manager.py:729} INFO - There are 0 files in /opt/airflow/dags
[2025-05-27T08:01:33.755+0000] {manager.py:726} INFO - Searching for files in /opt/airflow/dags
[2025-05-27T08:01:33.756+0000] {manager.py:729} INFO - There are 0 files in /opt/airflow/dags
[2025-05-27T08:06:33.929+0000] {manager.py:726} INFO - Searching for files in /opt/airflow/dags
[2025-05-27T08:06:33.930+0000] {manager.py:729} INFO - There are 0 files in /opt/airflow/dags
[2025-05-27T08:11:34.395+0000] {manager.py:726} INFO - Searching for files in /opt/airflow/dags
[2025-05-27T08:11:34.396+0000] {manager.py:729} INFO - There are 0 files in /opt/airflow/dags
[2025-05-27T08:16:34.648+0000] {manager.py:726} INFO - Searching for files in /opt/airflow/dags
[2025-05-27T08:16:34.649+0000] {manager.py:729} INFO - There are 0 files in /opt/airflow/dags
[2025-05-27T08:21:35.219+0000] {manager.py:726} INFO - Searching for files in /opt/airflow/dags
[2025-05-27T08:21:35.220+0000] {manager.py:729} INFO - There are 0 files in /opt/airflow/dags
[2025-05-27T08:26:35.438+0000] {manager.py:726} INFO - Searching for files in /opt/airflow/dags
[2025-05-27T08:26:35.439+0000] {manager.py:729} INFO - There are 0 files in /opt/airflow/dags
[2025-05-27T08:31:36.361+0000] {manager.py:726} INFO - Searching for files in /opt/airflow/dags
[2025-05-27T08:31:36.362+0000] {manager.py:729} INFO - There are 0 files in /opt/airflow/dags
[2025-05-27T08:36:36.415+0000] {manager.py:726} INFO - Searching for files in /opt/airflow/dags
[2025-05-27T08:36:36.416+0000] {manager.py:729} INFO - There are 0 files in /opt/airflow/dags
[2025-05-27T08:41:36.760+0000] {manager.py:726} INFO - Searching for files in /opt/airflow/dags
[2025-05-27T08:41:36.761+0000] {manager.py:729} INFO - There are 0 files in /opt/airflow/dags
[2025-05-27T08:46:37.325+0000] {manager.py:726} INFO - Searching for files in /opt/airflow/dags
[2025-05-27T08:46:37.326+0000] {manager.py:729} INFO - There are 0 files in /opt/airflow/dags
[2025-05-27T08:51:37.928+0000] {manager.py:726} INFO - Searching for files in /opt/airflow/dags
[2025-05-27T08:51:37.929+0000] {manager.py:729} INFO - There are 0 files in /opt/airflow/dags
[2025-05-27T08:56:38.386+0000] {manager.py:726} INFO - Searching for files in /opt/airflow/dags
[2025-05-27T08:56:38.386+0000] {manager.py:729} INFO - There are 0 files in /opt/airflow/dags
[2025-05-27T09:01:38.738+0000] {manager.py:726} INFO - Searching for files in /opt/airflow/dags
[2025-05-27T09:01:38.739+0000] {manager.py:729} INFO - There are 0 files in /opt/airflow/dags
[2025-05-27T09:06:39.231+0000] {manager.py:726} INFO - Searching for files in /opt/airflow/dags
[2025-05-27T09:06:39.232+0000] {manager.py:729} INFO - There are 0 files in /opt/airflow/dags
[2025-05-27T09:11:39.866+0000] {manager.py:726} INFO - Searching for files in /opt/airflow/dags
[2025-05-27T09:11:39.866+0000] {manager.py:729} INFO - There are 0 files in /opt/airflow/dags
[2025-05-27T09:16:39.895+0000] {manager.py:726} INFO - Searching for files in /opt/airflow/dags
[2025-05-27T09:16:39.896+0000] {manager.py:729} INFO - There are 0 files in /opt/airflow/dags
[2025-05-27T09:21:40.852+0000] {manager.py:726} INFO - Searching for files in /opt/airflow/dags
[2025-05-27T09:21:40.852+0000] {manager.py:729} INFO - There are 0 files in /opt/airflow/dags
[2025-05-27T09:26:41.642+0000] {manager.py:726} INFO - Searching for files in /opt/airflow/dags
[2025-05-27T09:26:41.643+0000] {manager.py:729} INFO - There are 0 files in /opt/airflow/dags
[2025-05-27T09:31:41.970+0000] {manager.py:726} INFO - Searching for files in /opt/airflow/dags
[2025-05-27T09:31:41.971+0000] {manager.py:729} INFO - There are 0 files in /opt/airflow/dags
[2025-05-27T09:36:42.245+0000] {manager.py:726} INFO - Searching for files in /opt/airflow/dags
[2025-05-27T09:36:42.249+0000] {manager.py:729} INFO - There are 0 files in /opt/airflow/dags
[2025-05-27T09:41:42.617+0000] {manager.py:726} INFO - Searching for files in /opt/airflow/dags
[2025-05-27T09:41:42.618+0000] {manager.py:729} INFO - There are 0 files in /opt/airflow/dags
[2025-05-27T09:46:43.203+0000] {manager.py:726} INFO - Searching for files in /opt/airflow/dags
[2025-05-27T09:46:43.204+0000] {manager.py:729} INFO - There are 0 files in /opt/airflow/dags
[2025-05-27T09:51:43.743+0000] {manager.py:726} INFO - Searching for files in /opt/airflow/dags
[2025-05-27T09:51:43.744+0000] {manager.py:729} INFO - There are 0 files in /opt/airflow/dags
[2025-05-27T09:56:44.057+0000] {manager.py:726} INFO - Searching for files in /opt/airflow/dags
[2025-05-27T09:56:44.058+0000] {manager.py:729} INFO - There are 0 files in /opt/airflow/dags
[2025-05-27T10:01:44.551+0000] {manager.py:726} INFO - Searching for files in /opt/airflow/dags
[2025-05-27T10:01:44.551+0000] {manager.py:729} INFO - There are 0 files in /opt/airflow/dags
[2025-05-27T10:06:44.948+0000] {manager.py:726} INFO - Searching for files in /opt/airflow/dags
[2025-05-27T10:06:44.949+0000] {manager.py:729} INFO - There are 0 files in /opt/airflow/dags
[2025-05-27T10:11:45.466+0000] {manager.py:726} INFO - Searching for files in /opt/airflow/dags
[2025-05-27T10:11:45.466+0000] {manager.py:729} INFO - There are 0 files in /opt/airflow/dags
[2025-05-27T10:16:46.113+0000] {manager.py:726} INFO - Searching for files in /opt/airflow/dags
[2025-05-27T10:16:46.114+0000] {manager.py:729} INFO - There are 0 files in /opt/airflow/dags
[2025-05-27T10:21:46.260+0000] {manager.py:726} INFO - Searching for files in /opt/airflow/dags
[2025-05-27T10:21:46.261+0000] {manager.py:729} INFO - There are 0 files in /opt/airflow/dags
[2025-05-27T10:26:47.257+0000] {manager.py:726} INFO - Searching for files in /opt/airflow/dags
[2025-05-27T10:26:47.258+0000] {manager.py:729} INFO - There are 0 files in /opt/airflow/dags
[2025-05-27T10:31:47.920+0000] {manager.py:726} INFO - Searching for files in /opt/airflow/dags
[2025-05-27T10:31:47.921+0000] {manager.py:729} INFO - There are 0 files in /opt/airflow/dags
[2025-05-27T10:36:48.463+0000] {manager.py:726} INFO - Searching for files in /opt/airflow/dags
[2025-05-27T10:36:48.464+0000] {manager.py:729} INFO - There are 0 files in /opt/airflow/dags
[2025-05-27T10:41:49.247+0000] {manager.py:726} INFO - Searching for files in /opt/airflow/dags
[2025-05-27T10:41:49.249+0000] {manager.py:729} INFO - There are 0 files in /opt/airflow/dags
[2025-05-27T10:46:49.421+0000] {manager.py:726} INFO - Searching for files in /opt/airflow/dags
[2025-05-27T10:46:49.422+0000] {manager.py:729} INFO - There are 0 files in /opt/airflow/dags
[2025-05-27T10:51:49.831+0000] {manager.py:726} INFO - Searching for files in /opt/airflow/dags
[2025-05-27T10:51:49.833+0000] {manager.py:729} INFO - There are 0 files in /opt/airflow/dags
[2025-05-27T10:56:49.879+0000] {manager.py:726} INFO - Searching for files in /opt/airflow/dags
[2025-05-27T10:56:49.880+0000] {manager.py:729} INFO - There are 0 files in /opt/airflow/dags
[2025-05-27T11:01:50.167+0000] {manager.py:726} INFO - Searching for files in /opt/airflow/dags
[2025-05-27T11:01:50.168+0000] {manager.py:729} INFO - There are 0 files in /opt/airflow/dags
[2025-05-27T11:06:50.185+0000] {manager.py:726} INFO - Searching for files in /opt/airflow/dags
[2025-05-27T11:06:50.186+0000] {manager.py:729} INFO - There are 0 files in /opt/airflow/dags
[2025-05-27T11:11:50.378+0000] {manager.py:726} INFO - Searching for files in /opt/airflow/dags
[2025-05-27T11:11:50.379+0000] {manager.py:729} INFO - There are 0 files in /opt/airflow/dags
[2025-05-27T11:16:50.961+0000] {manager.py:726} INFO - Searching for files in /opt/airflow/dags
[2025-05-27T11:16:50.962+0000] {manager.py:729} INFO - There are 0 files in /opt/airflow/dags
[2025-05-27T11:21:51.154+0000] {manager.py:726} INFO - Searching for files in /opt/airflow/dags
[2025-05-27T11:21:51.155+0000] {manager.py:729} INFO - There are 0 files in /opt/airflow/dags
[2025-05-27T11:26:51.427+0000] {manager.py:726} INFO - Searching for files in /opt/airflow/dags
[2025-05-27T11:26:51.433+0000] {manager.py:729} INFO - There are 0 files in /opt/airflow/dags
[2025-05-27T11:31:52.120+0000] {manager.py:726} INFO - Searching for files in /opt/airflow/dags
[2025-05-27T11:31:52.121+0000] {manager.py:729} INFO - There are 0 files in /opt/airflow/dags
[2025-05-27T11:36:52.252+0000] {manager.py:726} INFO - Searching for files in /opt/airflow/dags
[2025-05-27T11:36:52.254+0000] {manager.py:729} INFO - There are 0 files in /opt/airflow/dags
[2025-05-27T11:41:52.353+0000] {manager.py:726} INFO - Searching for files in /opt/airflow/dags
[2025-05-27T11:41:52.354+0000] {manager.py:729} INFO - There are 0 files in /opt/airflow/dags
[2025-05-27T11:46:53.188+0000] {manager.py:726} INFO - Searching for files in /opt/airflow/dags
[2025-05-27T11:46:53.191+0000] {manager.py:729} INFO - There are 0 files in /opt/airflow/dags
[2025-05-27T11:51:53.411+0000] {manager.py:726} INFO - Searching for files in /opt/airflow/dags
[2025-05-27T11:51:53.414+0000] {manager.py:729} INFO - There are 0 files in /opt/airflow/dags
[2025-05-27T11:56:54.293+0000] {manager.py:726} INFO - Searching for files in /opt/airflow/dags
[2025-05-27T11:56:54.295+0000] {manager.py:729} INFO - There are 0 files in /opt/airflow/dags
[2025-05-27T12:01:54.695+0000] {manager.py:726} INFO - Searching for files in /opt/airflow/dags
[2025-05-27T12:01:54.697+0000] {manager.py:729} INFO - There are 0 files in /opt/airflow/dags
[2025-05-27T12:06:55.459+0000] {manager.py:726} INFO - Searching for files in /opt/airflow/dags
[2025-05-27T12:06:55.461+0000] {manager.py:729} INFO - There are 0 files in /opt/airflow/dags
[2025-05-27T12:11:56.371+0000] {manager.py:726} INFO - Searching for files in /opt/airflow/dags
[2025-05-27T12:11:56.372+0000] {manager.py:729} INFO - There are 0 files in /opt/airflow/dags
[2025-05-27T12:16:57.020+0000] {manager.py:726} INFO - Searching for files in /opt/airflow/dags
[2025-05-27T12:16:57.022+0000] {manager.py:729} INFO - There are 0 files in /opt/airflow/dags
[2025-05-27T12:21:57.413+0000] {manager.py:726} INFO - Searching for files in /opt/airflow/dags
[2025-05-27T12:21:57.414+0000] {manager.py:729} INFO - There are 0 files in /opt/airflow/dags
[2025-05-27T12:26:58.305+0000] {manager.py:726} INFO - Searching for files in /opt/airflow/dags
[2025-05-27T12:26:58.307+0000] {manager.py:729} INFO - There are 0 files in /opt/airflow/dags
[2025-05-27T12:31:59.129+0000] {manager.py:726} INFO - Searching for files in /opt/airflow/dags
[2025-05-27T12:31:59.130+0000] {manager.py:729} INFO - There are 0 files in /opt/airflow/dags
[2025-05-27T12:36:59.303+0000] {manager.py:726} INFO - Searching for files in /opt/airflow/dags
[2025-05-27T12:36:59.304+0000] {manager.py:729} INFO - There are 0 files in /opt/airflow/dags
[2025-05-27T12:42:00.165+0000] {manager.py:726} INFO - Searching for files in /opt/airflow/dags
[2025-05-27T12:42:00.167+0000] {manager.py:729} INFO - There are 0 files in /opt/airflow/dags
[2025-05-27T12:47:00.738+0000] {manager.py:726} INFO - Searching for files in /opt/airflow/dags
[2025-05-27T12:47:00.740+0000] {manager.py:729} INFO - There are 0 files in /opt/airflow/dags
[2025-05-27T12:52:01.491+0000] {manager.py:726} INFO - Searching for files in /opt/airflow/dags
[2025-05-27T12:52:01.493+0000] {manager.py:729} INFO - There are 0 files in /opt/airflow/dags
[2025-05-27T12:57:01.607+0000] {manager.py:726} INFO - Searching for files in /opt/airflow/dags
[2025-05-27T12:57:01.609+0000] {manager.py:729} INFO - There are 0 files in /opt/airflow/dags
[2025-05-27T13:02:02.513+0000] {manager.py:726} INFO - Searching for files in /opt/airflow/dags
[2025-05-27T13:02:02.514+0000] {manager.py:729} INFO - There are 0 files in /opt/airflow/dags
[2025-05-27T13:07:03.048+0000] {manager.py:726} INFO - Searching for files in /opt/airflow/dags
[2025-05-27T13:07:03.049+0000] {manager.py:729} INFO - There are 0 files in /opt/airflow/dags
[2025-05-27T13:12:03.202+0000] {manager.py:726} INFO - Searching for files in /opt/airflow/dags
[2025-05-27T13:12:03.212+0000] {manager.py:729} INFO - There are 0 files in /opt/airflow/dags
[2025-05-27T13:17:03.242+0000] {manager.py:726} INFO - Searching for files in /opt/airflow/dags
[2025-05-27T13:17:03.243+0000] {manager.py:729} INFO - There are 0 files in /opt/airflow/dags
[2025-05-27T13:22:03.791+0000] {manager.py:726} INFO - Searching for files in /opt/airflow/dags
[2025-05-27T13:22:03.792+0000] {manager.py:729} INFO - There are 0 files in /opt/airflow/dags
[2025-05-27T13:27:04.458+0000] {manager.py:726} INFO - Searching for files in /opt/airflow/dags
[2025-05-27T13:27:04.459+0000] {manager.py:729} INFO - There are 0 files in /opt/airflow/dags
[2025-05-27T13:32:05.310+0000] {manager.py:726} INFO - Searching for files in /opt/airflow/dags
[2025-05-27T13:32:05.312+0000] {manager.py:729} INFO - There are 0 files in /opt/airflow/dags
[2025-05-27T13:37:05.623+0000] {manager.py:726} INFO - Searching for files in /opt/airflow/dags
[2025-05-27T13:37:05.627+0000] {manager.py:729} INFO - There are 0 files in /opt/airflow/dags
[2025-05-27T13:42:05.925+0000] {manager.py:726} INFO - Searching for files in /opt/airflow/dags
[2025-05-27T13:42:05.925+0000] {manager.py:729} INFO - There are 0 files in /opt/airflow/dags
[2025-05-27T13:47:06.486+0000] {manager.py:726} INFO - Searching for files in /opt/airflow/dags
[2025-05-27T13:47:06.488+0000] {manager.py:729} INFO - There are 0 files in /opt/airflow/dags
[2025-05-27T13:52:06.799+0000] {manager.py:726} INFO - Searching for files in /opt/airflow/dags
[2025-05-27T13:52:06.800+0000] {manager.py:729} INFO - There are 0 files in /opt/airflow/dags
[2025-05-27T13:57:07.078+0000] {manager.py:726} INFO - Searching for files in /opt/airflow/dags
[2025-05-27T13:57:07.080+0000] {manager.py:729} INFO - There are 0 files in /opt/airflow/dags
[2025-05-27T14:02:07.732+0000] {manager.py:726} INFO - Searching for files in /opt/airflow/dags
[2025-05-27T14:02:07.734+0000] {manager.py:729} INFO - There are 0 files in /opt/airflow/dags
[2025-05-27T14:07:08.441+0000] {manager.py:726} INFO - Searching for files in /opt/airflow/dags
[2025-05-27T14:07:08.442+0000] {manager.py:729} INFO - There are 0 files in /opt/airflow/dags
[2025-05-27T14:12:08.626+0000] {manager.py:726} INFO - Searching for files in /opt/airflow/dags
[2025-05-27T14:12:08.626+0000] {manager.py:729} INFO - There are 0 files in /opt/airflow/dags
[2025-05-27T14:17:09.160+0000] {manager.py:726} INFO - Searching for files in /opt/airflow/dags
[2025-05-27T14:17:09.172+0000] {manager.py:729} INFO - There are 0 files in /opt/airflow/dags
[2025-05-27T14:22:10.148+0000] {manager.py:726} INFO - Searching for files in /opt/airflow/dags
[2025-05-27T14:22:10.150+0000] {manager.py:729} INFO - There are 0 files in /opt/airflow/dags
[2025-05-27T14:27:10.979+0000] {manager.py:726} INFO - Searching for files in /opt/airflow/dags
[2025-05-27T14:27:10.981+0000] {manager.py:729} INFO - There are 0 files in /opt/airflow/dags
[2025-05-27T14:32:11.701+0000] {manager.py:726} INFO - Searching for files in /opt/airflow/dags
[2025-05-27T14:32:11.702+0000] {manager.py:729} INFO - There are 0 files in /opt/airflow/dags
[2025-05-27T14:37:12.136+0000] {manager.py:726} INFO - Searching for files in /opt/airflow/dags
[2025-05-27T14:37:12.138+0000] {manager.py:729} INFO - There are 0 files in /opt/airflow/dags
[2025-05-27T14:42:12.140+0000] {manager.py:726} INFO - Searching for files in /opt/airflow/dags
[2025-05-27T14:42:12.142+0000] {manager.py:729} INFO - There are 0 files in /opt/airflow/dags
[2025-05-27T14:47:12.659+0000] {manager.py:726} INFO - Searching for files in /opt/airflow/dags
[2025-05-27T14:47:12.669+0000] {manager.py:729} INFO - There are 0 files in /opt/airflow/dags
[2025-05-27T14:52:12.752+0000] {manager.py:726} INFO - Searching for files in /opt/airflow/dags
[2025-05-27T14:52:12.754+0000] {manager.py:729} INFO - There are 0 files in /opt/airflow/dags
[2025-05-27T14:57:13.098+0000] {manager.py:726} INFO - Searching for files in /opt/airflow/dags
[2025-05-27T14:57:13.110+0000] {manager.py:729} INFO - There are 0 files in /opt/airflow/dags
[2025-05-27T15:02:13.242+0000] {manager.py:726} INFO - Searching for files in /opt/airflow/dags
[2025-05-27T15:02:13.243+0000] {manager.py:729} INFO - There are 0 files in /opt/airflow/dags
[2025-05-27T15:07:13.477+0000] {manager.py:726} INFO - Searching for files in /opt/airflow/dags
[2025-05-27T15:07:13.477+0000] {manager.py:729} INFO - There are 0 files in /opt/airflow/dags
[2025-05-27T15:12:14.099+0000] {manager.py:726} INFO - Searching for files in /opt/airflow/dags
[2025-05-27T15:12:14.103+0000] {manager.py:729} INFO - There are 0 files in /opt/airflow/dags
[2025-05-27T15:17:14.756+0000] {manager.py:726} INFO - Searching for files in /opt/airflow/dags
[2025-05-27T15:17:14.757+0000] {manager.py:729} INFO - There are 0 files in /opt/airflow/dags
[2025-05-27T15:22:15.220+0000] {manager.py:726} INFO - Searching for files in /opt/airflow/dags
[2025-05-27T15:22:15.221+0000] {manager.py:729} INFO - There are 0 files in /opt/airflow/dags
[2025-05-27T15:27:16.188+0000] {manager.py:726} INFO - Searching for files in /opt/airflow/dags
[2025-05-27T15:27:16.189+0000] {manager.py:729} INFO - There are 0 files in /opt/airflow/dags
[2025-05-27T15:32:16.717+0000] {manager.py:726} INFO - Searching for files in /opt/airflow/dags
[2025-05-27T15:32:16.718+0000] {manager.py:729} INFO - There are 0 files in /opt/airflow/dags
[2025-05-27T15:37:17.608+0000] {manager.py:726} INFO - Searching for files in /opt/airflow/dags
[2025-05-27T15:37:17.610+0000] {manager.py:729} INFO - There are 0 files in /opt/airflow/dags
[2025-05-27T15:42:18.249+0000] {manager.py:726} INFO - Searching for files in /opt/airflow/dags
[2025-05-27T15:42:18.252+0000] {manager.py:729} INFO - There are 0 files in /opt/airflow/dags
[2025-05-27T15:47:19.200+0000] {manager.py:726} INFO - Searching for files in /opt/airflow/dags
[2025-05-27T15:47:19.202+0000] {manager.py:729} INFO - There are 0 files in /opt/airflow/dags
[2025-05-27T15:52:19.454+0000] {manager.py:726} INFO - Searching for files in /opt/airflow/dags
[2025-05-27T15:52:19.455+0000] {manager.py:729} INFO - There are 0 files in /opt/airflow/dags
[2025-05-27T16:00:12.340+0000] {manager.py:726} INFO - Searching for files in /opt/airflow/dags
[2025-05-27T16:00:12.346+0000] {manager.py:729} INFO - There are 0 files in /opt/airflow/dags
[2025-05-27T16:05:13.164+0000] {manager.py:726} INFO - Searching for files in /opt/airflow/dags
[2025-05-27T16:05:13.178+0000] {manager.py:729} INFO - There are 0 files in /opt/airflow/dags
[2025-05-27T16:18:02.227+0000] {manager.py:726} INFO - Searching for files in /opt/airflow/dags
[2025-05-27T16:18:02.228+0000] {manager.py:729} INFO - There are 0 files in /opt/airflow/dags
[2025-05-31T03:13:06.044+0000] {manager.py:483} INFO - Processing files using up to 2 processes at a time 
[2025-05-31T03:13:06.063+0000] {manager.py:484} INFO - Process each file at most once every 30 seconds
[2025-05-31T03:13:06.064+0000] {manager.py:486} INFO - Checking for new files in /opt/airflow/dags every 300 seconds
[2025-05-31T03:13:06.064+0000] {manager.py:726} INFO - Searching for files in /opt/airflow/dags
[2025-05-31T03:13:06.065+0000] {manager.py:729} INFO - There are 0 files in /opt/airflow/dags
[2025-05-31T03:18:06.109+0000] {manager.py:726} INFO - Searching for files in /opt/airflow/dags
[2025-05-31T03:18:06.110+0000] {manager.py:729} INFO - There are 0 files in /opt/airflow/dags
[2025-05-31T03:23:06.263+0000] {manager.py:726} INFO - Searching for files in /opt/airflow/dags
[2025-05-31T03:23:06.264+0000] {manager.py:729} INFO - There are 0 files in /opt/airflow/dags
[2025-05-31T03:28:07.176+0000] {manager.py:726} INFO - Searching for files in /opt/airflow/dags
[2025-05-31T03:28:07.177+0000] {manager.py:729} INFO - There are 0 files in /opt/airflow/dags
[2025-05-31T03:33:07.269+0000] {manager.py:726} INFO - Searching for files in /opt/airflow/dags
[2025-05-31T03:33:07.270+0000] {manager.py:729} INFO - There are 0 files in /opt/airflow/dags
[2025-05-31T03:38:07.725+0000] {manager.py:726} INFO - Searching for files in /opt/airflow/dags
[2025-05-31T03:38:07.726+0000] {manager.py:729} INFO - There are 0 files in /opt/airflow/dags
[2025-05-31T03:43:07.994+0000] {manager.py:726} INFO - Searching for files in /opt/airflow/dags
[2025-05-31T03:43:07.995+0000] {manager.py:729} INFO - There are 0 files in /opt/airflow/dags
[2025-05-31T03:48:08.192+0000] {manager.py:726} INFO - Searching for files in /opt/airflow/dags
[2025-05-31T03:48:08.192+0000] {manager.py:729} INFO - There are 0 files in /opt/airflow/dags
[2025-05-31T03:53:08.546+0000] {manager.py:726} INFO - Searching for files in /opt/airflow/dags
[2025-05-31T03:53:08.547+0000] {manager.py:729} INFO - There are 0 files in /opt/airflow/dags
[2025-05-31T03:58:09.454+0000] {manager.py:726} INFO - Searching for files in /opt/airflow/dags
[2025-05-31T03:58:09.454+0000] {manager.py:729} INFO - There are 0 files in /opt/airflow/dags
[2025-05-31T04:03:09.738+0000] {manager.py:726} INFO - Searching for files in /opt/airflow/dags
[2025-05-31T04:03:09.739+0000] {manager.py:729} INFO - There are 0 files in /opt/airflow/dags
[2025-05-31T04:08:10.491+0000] {manager.py:726} INFO - Searching for files in /opt/airflow/dags
[2025-05-31T04:08:10.492+0000] {manager.py:729} INFO - There are 0 files in /opt/airflow/dags
[2025-05-31T04:13:10.729+0000] {manager.py:726} INFO - Searching for files in /opt/airflow/dags
[2025-05-31T04:13:10.730+0000] {manager.py:729} INFO - There are 0 files in /opt/airflow/dags
[2025-05-31T04:18:11.483+0000] {manager.py:726} INFO - Searching for files in /opt/airflow/dags
[2025-05-31T04:18:11.484+0000] {manager.py:729} INFO - There are 0 files in /opt/airflow/dags
[2025-05-31T04:23:12.242+0000] {manager.py:726} INFO - Searching for files in /opt/airflow/dags
[2025-05-31T04:23:12.243+0000] {manager.py:729} INFO - There are 0 files in /opt/airflow/dags
[2025-05-31T04:28:12.975+0000] {manager.py:726} INFO - Searching for files in /opt/airflow/dags
[2025-05-31T04:28:12.975+0000] {manager.py:729} INFO - There are 0 files in /opt/airflow/dags
[2025-05-31T04:33:13.114+0000] {manager.py:726} INFO - Searching for files in /opt/airflow/dags
[2025-05-31T04:33:13.114+0000] {manager.py:729} INFO - There are 0 files in /opt/airflow/dags
[2025-05-31T04:38:13.475+0000] {manager.py:726} INFO - Searching for files in /opt/airflow/dags
[2025-05-31T04:38:13.476+0000] {manager.py:729} INFO - There are 0 files in /opt/airflow/dags
[2025-05-31T04:43:14.235+0000] {manager.py:726} INFO - Searching for files in /opt/airflow/dags
[2025-05-31T04:43:14.237+0000] {manager.py:729} INFO - There are 0 files in /opt/airflow/dags
[2025-05-31T04:48:14.481+0000] {manager.py:726} INFO - Searching for files in /opt/airflow/dags
[2025-05-31T04:48:14.482+0000] {manager.py:729} INFO - There are 0 files in /opt/airflow/dags
[2025-05-31T04:53:14.920+0000] {manager.py:726} INFO - Searching for files in /opt/airflow/dags
[2025-05-31T04:53:14.921+0000] {manager.py:729} INFO - There are 0 files in /opt/airflow/dags
[2025-05-31T04:58:15.717+0000] {manager.py:726} INFO - Searching for files in /opt/airflow/dags
[2025-05-31T04:58:15.718+0000] {manager.py:729} INFO - There are 0 files in /opt/airflow/dags
[2025-05-31T05:03:16.074+0000] {manager.py:726} INFO - Searching for files in /opt/airflow/dags
[2025-05-31T05:03:16.074+0000] {manager.py:729} INFO - There are 0 files in /opt/airflow/dags
[2025-05-31T05:08:17.027+0000] {manager.py:726} INFO - Searching for files in /opt/airflow/dags
[2025-05-31T05:08:17.028+0000] {manager.py:729} INFO - There are 0 files in /opt/airflow/dags
[2025-05-31T05:13:17.801+0000] {manager.py:726} INFO - Searching for files in /opt/airflow/dags
[2025-05-31T05:13:17.803+0000] {manager.py:729} INFO - There are 0 files in /opt/airflow/dags
[2025-05-31T05:18:18.253+0000] {manager.py:726} INFO - Searching for files in /opt/airflow/dags
[2025-05-31T05:18:18.256+0000] {manager.py:729} INFO - There are 0 files in /opt/airflow/dags
[2025-05-31T05:23:18.948+0000] {manager.py:726} INFO - Searching for files in /opt/airflow/dags
[2025-05-31T05:23:18.949+0000] {manager.py:729} INFO - There are 0 files in /opt/airflow/dags
[2025-05-31T05:28:19.614+0000] {manager.py:726} INFO - Searching for files in /opt/airflow/dags
[2025-05-31T05:28:19.615+0000] {manager.py:729} INFO - There are 0 files in /opt/airflow/dags
[2025-05-31T05:33:20.250+0000] {manager.py:726} INFO - Searching for files in /opt/airflow/dags
[2025-05-31T05:33:20.251+0000] {manager.py:729} INFO - There are 0 files in /opt/airflow/dags
[2025-05-31T05:38:20.728+0000] {manager.py:726} INFO - Searching for files in /opt/airflow/dags
[2025-05-31T05:38:20.729+0000] {manager.py:729} INFO - There are 0 files in /opt/airflow/dags
[2025-05-31T05:43:20.840+0000] {manager.py:726} INFO - Searching for files in /opt/airflow/dags
[2025-05-31T05:43:20.841+0000] {manager.py:729} INFO - There are 0 files in /opt/airflow/dags
[2025-05-31T05:48:21.192+0000] {manager.py:726} INFO - Searching for files in /opt/airflow/dags
[2025-05-31T05:48:21.192+0000] {manager.py:729} INFO - There are 0 files in /opt/airflow/dags
[2025-05-31T05:53:21.906+0000] {manager.py:726} INFO - Searching for files in /opt/airflow/dags
[2025-05-31T05:53:21.907+0000] {manager.py:729} INFO - There are 0 files in /opt/airflow/dags
[2025-05-31T05:58:21.930+0000] {manager.py:726} INFO - Searching for files in /opt/airflow/dags
[2025-05-31T05:58:21.930+0000] {manager.py:729} INFO - There are 0 files in /opt/airflow/dags
[2025-05-31T06:03:22.471+0000] {manager.py:726} INFO - Searching for files in /opt/airflow/dags
[2025-05-31T06:03:22.473+0000] {manager.py:729} INFO - There are 0 files in /opt/airflow/dags
[2025-05-31T06:08:23.420+0000] {manager.py:726} INFO - Searching for files in /opt/airflow/dags
[2025-05-31T06:08:23.420+0000] {manager.py:729} INFO - There are 0 files in /opt/airflow/dags
[2025-05-31T06:13:24.065+0000] {manager.py:726} INFO - Searching for files in /opt/airflow/dags
[2025-05-31T06:13:24.065+0000] {manager.py:729} INFO - There are 0 files in /opt/airflow/dags
[2025-05-31T06:18:24.413+0000] {manager.py:726} INFO - Searching for files in /opt/airflow/dags
[2025-05-31T06:18:24.414+0000] {manager.py:729} INFO - There are 0 files in /opt/airflow/dags
[2025-05-31T06:23:24.482+0000] {manager.py:726} INFO - Searching for files in /opt/airflow/dags
[2025-05-31T06:23:24.484+0000] {manager.py:729} INFO - There are 0 files in /opt/airflow/dags
[2025-05-31T06:28:24.664+0000] {manager.py:726} INFO - Searching for files in /opt/airflow/dags
[2025-05-31T06:28:24.665+0000] {manager.py:729} INFO - There are 0 files in /opt/airflow/dags
[2025-05-31T06:33:25.485+0000] {manager.py:726} INFO - Searching for files in /opt/airflow/dags
[2025-05-31T06:33:25.486+0000] {manager.py:729} INFO - There are 0 files in /opt/airflow/dags
[2025-05-31T06:38:26.295+0000] {manager.py:726} INFO - Searching for files in /opt/airflow/dags
[2025-05-31T06:38:26.295+0000] {manager.py:729} INFO - There are 0 files in /opt/airflow/dags
[2025-05-31T06:43:26.359+0000] {manager.py:726} INFO - Searching for files in /opt/airflow/dags
[2025-05-31T06:43:26.359+0000] {manager.py:729} INFO - There are 0 files in /opt/airflow/dags
[2025-05-31T06:48:26.678+0000] {manager.py:726} INFO - Searching for files in /opt/airflow/dags
[2025-05-31T06:48:26.679+0000] {manager.py:729} INFO - There are 0 files in /opt/airflow/dags
[2025-05-31T06:53:27.434+0000] {manager.py:726} INFO - Searching for files in /opt/airflow/dags
[2025-05-31T06:53:27.435+0000] {manager.py:729} INFO - There are 0 files in /opt/airflow/dags
[2025-05-31T06:58:27.466+0000] {manager.py:726} INFO - Searching for files in /opt/airflow/dags
[2025-05-31T06:58:27.466+0000] {manager.py:729} INFO - There are 0 files in /opt/airflow/dags
[2025-05-31T07:03:27.963+0000] {manager.py:726} INFO - Searching for files in /opt/airflow/dags
[2025-05-31T07:03:27.963+0000] {manager.py:729} INFO - There are 0 files in /opt/airflow/dags
[2025-05-31T07:08:28.051+0000] {manager.py:726} INFO - Searching for files in /opt/airflow/dags
[2025-05-31T07:08:28.052+0000] {manager.py:729} INFO - There are 0 files in /opt/airflow/dags
[2025-05-31T07:13:28.594+0000] {manager.py:726} INFO - Searching for files in /opt/airflow/dags
[2025-05-31T07:13:28.595+0000] {manager.py:729} INFO - There are 0 files in /opt/airflow/dags
[2025-05-31T07:18:29.077+0000] {manager.py:726} INFO - Searching for files in /opt/airflow/dags
[2025-05-31T07:18:29.078+0000] {manager.py:729} INFO - There are 0 files in /opt/airflow/dags
[2025-05-31T07:23:29.991+0000] {manager.py:726} INFO - Searching for files in /opt/airflow/dags
[2025-05-31T07:23:29.991+0000] {manager.py:729} INFO - There are 0 files in /opt/airflow/dags
[2025-05-31T07:28:30.413+0000] {manager.py:726} INFO - Searching for files in /opt/airflow/dags
[2025-05-31T07:28:30.414+0000] {manager.py:729} INFO - There are 0 files in /opt/airflow/dags
[2025-05-31T07:33:30.966+0000] {manager.py:726} INFO - Searching for files in /opt/airflow/dags
[2025-05-31T07:33:30.967+0000] {manager.py:729} INFO - There are 0 files in /opt/airflow/dags
[2025-05-31T07:38:31.305+0000] {manager.py:726} INFO - Searching for files in /opt/airflow/dags
[2025-05-31T07:38:31.306+0000] {manager.py:729} INFO - There are 0 files in /opt/airflow/dags
[2025-05-31T07:43:31.850+0000] {manager.py:726} INFO - Searching for files in /opt/airflow/dags
[2025-05-31T07:43:31.850+0000] {manager.py:729} INFO - There are 0 files in /opt/airflow/dags
[2025-05-31T07:48:31.902+0000] {manager.py:726} INFO - Searching for files in /opt/airflow/dags
[2025-05-31T07:48:31.902+0000] {manager.py:729} INFO - There are 0 files in /opt/airflow/dags
[2025-05-31T07:53:32.149+0000] {manager.py:726} INFO - Searching for files in /opt/airflow/dags
[2025-05-31T07:53:32.149+0000] {manager.py:729} INFO - There are 0 files in /opt/airflow/dags
[2025-05-31T07:58:32.779+0000] {manager.py:726} INFO - Searching for files in /opt/airflow/dags
[2025-05-31T07:58:32.780+0000] {manager.py:729} INFO - There are 0 files in /opt/airflow/dags
[2025-05-31T08:03:32.812+0000] {manager.py:726} INFO - Searching for files in /opt/airflow/dags
[2025-05-31T08:03:32.813+0000] {manager.py:729} INFO - There are 0 files in /opt/airflow/dags
[2025-05-31T08:08:33.348+0000] {manager.py:726} INFO - Searching for files in /opt/airflow/dags
[2025-05-31T08:08:33.348+0000] {manager.py:729} INFO - There are 0 files in /opt/airflow/dags
[2025-05-31T08:13:33.729+0000] {manager.py:726} INFO - Searching for files in /opt/airflow/dags
[2025-05-31T08:13:33.729+0000] {manager.py:729} INFO - There are 0 files in /opt/airflow/dags
[2025-05-31T08:18:34.446+0000] {manager.py:726} INFO - Searching for files in /opt/airflow/dags
[2025-05-31T08:18:34.446+0000] {manager.py:729} INFO - There are 0 files in /opt/airflow/dags
[2025-05-31T08:23:35.358+0000] {manager.py:726} INFO - Searching for files in /opt/airflow/dags
[2025-05-31T08:23:35.359+0000] {manager.py:729} INFO - There are 0 files in /opt/airflow/dags
[2025-05-31T08:28:36.108+0000] {manager.py:726} INFO - Searching for files in /opt/airflow/dags
[2025-05-31T08:28:36.109+0000] {manager.py:729} INFO - There are 0 files in /opt/airflow/dags
[2025-05-31T08:33:36.846+0000] {manager.py:726} INFO - Searching for files in /opt/airflow/dags
[2025-05-31T08:33:36.847+0000] {manager.py:729} INFO - There are 0 files in /opt/airflow/dags
[2025-05-31T08:38:37.083+0000] {manager.py:726} INFO - Searching for files in /opt/airflow/dags
[2025-05-31T08:38:37.083+0000] {manager.py:729} INFO - There are 0 files in /opt/airflow/dags
[2025-05-31T08:43:37.274+0000] {manager.py:726} INFO - Searching for files in /opt/airflow/dags
[2025-05-31T08:43:37.274+0000] {manager.py:729} INFO - There are 0 files in /opt/airflow/dags
[2025-05-31T08:48:37.367+0000] {manager.py:726} INFO - Searching for files in /opt/airflow/dags
[2025-05-31T08:48:37.367+0000] {manager.py:729} INFO - There are 0 files in /opt/airflow/dags
[2025-05-31T08:53:38.308+0000] {manager.py:726} INFO - Searching for files in /opt/airflow/dags
[2025-05-31T08:53:38.309+0000] {manager.py:729} INFO - There are 0 files in /opt/airflow/dags
[2025-05-31T08:58:38.859+0000] {manager.py:726} INFO - Searching for files in /opt/airflow/dags
[2025-05-31T08:58:38.859+0000] {manager.py:729} INFO - There are 0 files in /opt/airflow/dags
[2025-05-31T09:03:39.440+0000] {manager.py:726} INFO - Searching for files in /opt/airflow/dags
[2025-05-31T09:03:39.441+0000] {manager.py:729} INFO - There are 0 files in /opt/airflow/dags
[2025-05-31T09:08:39.481+0000] {manager.py:726} INFO - Searching for files in /opt/airflow/dags
[2025-05-31T09:08:39.482+0000] {manager.py:729} INFO - There are 0 files in /opt/airflow/dags
[2025-05-31T09:13:39.992+0000] {manager.py:726} INFO - Searching for files in /opt/airflow/dags
[2025-05-31T09:13:39.992+0000] {manager.py:729} INFO - There are 0 files in /opt/airflow/dags
[2025-05-31T09:18:40.503+0000] {manager.py:726} INFO - Searching for files in /opt/airflow/dags
[2025-05-31T09:18:40.504+0000] {manager.py:729} INFO - There are 0 files in /opt/airflow/dags
[2025-05-31T09:23:41.485+0000] {manager.py:726} INFO - Searching for files in /opt/airflow/dags
[2025-05-31T09:23:41.485+0000] {manager.py:729} INFO - There are 0 files in /opt/airflow/dags
[2025-05-31T09:28:41.715+0000] {manager.py:726} INFO - Searching for files in /opt/airflow/dags
[2025-05-31T09:28:41.716+0000] {manager.py:729} INFO - There are 0 files in /opt/airflow/dags
[2025-05-31T09:33:42.579+0000] {manager.py:726} INFO - Searching for files in /opt/airflow/dags
[2025-05-31T09:33:42.580+0000] {manager.py:729} INFO - There are 0 files in /opt/airflow/dags
[2025-05-31T09:38:42.654+0000] {manager.py:726} INFO - Searching for files in /opt/airflow/dags
[2025-05-31T09:38:42.655+0000] {manager.py:729} INFO - There are 0 files in /opt/airflow/dags
[2025-05-31T09:43:43.223+0000] {manager.py:726} INFO - Searching for files in /opt/airflow/dags
[2025-05-31T09:43:43.224+0000] {manager.py:729} INFO - There are 0 files in /opt/airflow/dags
[2025-05-31T09:48:43.766+0000] {manager.py:726} INFO - Searching for files in /opt/airflow/dags
[2025-05-31T09:48:43.767+0000] {manager.py:729} INFO - There are 0 files in /opt/airflow/dags
[2025-05-31T09:53:44.463+0000] {manager.py:726} INFO - Searching for files in /opt/airflow/dags
[2025-05-31T09:53:44.464+0000] {manager.py:729} INFO - There are 0 files in /opt/airflow/dags
[2025-05-31T09:58:45.204+0000] {manager.py:726} INFO - Searching for files in /opt/airflow/dags
[2025-05-31T09:58:45.205+0000] {manager.py:729} INFO - There are 0 files in /opt/airflow/dags
[2025-05-31T10:03:45.894+0000] {manager.py:726} INFO - Searching for files in /opt/airflow/dags
[2025-05-31T10:03:45.895+0000] {manager.py:729} INFO - There are 0 files in /opt/airflow/dags
[2025-05-31T10:08:46.422+0000] {manager.py:726} INFO - Searching for files in /opt/airflow/dags
[2025-05-31T10:08:46.423+0000] {manager.py:729} INFO - There are 0 files in /opt/airflow/dags
[2025-05-31T10:13:46.810+0000] {manager.py:726} INFO - Searching for files in /opt/airflow/dags
[2025-05-31T10:13:46.811+0000] {manager.py:729} INFO - There are 0 files in /opt/airflow/dags
[2025-05-31T10:18:47.072+0000] {manager.py:726} INFO - Searching for files in /opt/airflow/dags
[2025-05-31T10:18:47.072+0000] {manager.py:729} INFO - There are 0 files in /opt/airflow/dags
[2025-05-31T10:23:47.120+0000] {manager.py:726} INFO - Searching for files in /opt/airflow/dags
[2025-05-31T10:23:47.121+0000] {manager.py:729} INFO - There are 0 files in /opt/airflow/dags
[2025-05-31T10:28:47.416+0000] {manager.py:726} INFO - Searching for files in /opt/airflow/dags
[2025-05-31T10:28:47.417+0000] {manager.py:729} INFO - There are 0 files in /opt/airflow/dags
[2025-05-31T10:33:48.355+0000] {manager.py:726} INFO - Searching for files in /opt/airflow/dags
[2025-05-31T10:33:48.356+0000] {manager.py:729} INFO - There are 0 files in /opt/airflow/dags
[2025-05-31T10:38:48.966+0000] {manager.py:726} INFO - Searching for files in /opt/airflow/dags
[2025-05-31T10:38:48.967+0000] {manager.py:729} INFO - There are 0 files in /opt/airflow/dags
[2025-05-31T10:43:49.566+0000] {manager.py:726} INFO - Searching for files in /opt/airflow/dags
[2025-05-31T10:43:49.567+0000] {manager.py:729} INFO - There are 0 files in /opt/airflow/dags
[2025-05-31T10:48:49.859+0000] {manager.py:726} INFO - Searching for files in /opt/airflow/dags
[2025-05-31T10:48:49.860+0000] {manager.py:729} INFO - There are 0 files in /opt/airflow/dags
[2025-06-03T07:19:29.753+0000] {manager.py:483} INFO - Processing files using up to 2 processes at a time 
[2025-06-03T07:19:29.759+0000] {manager.py:484} INFO - Process each file at most once every 30 seconds
[2025-06-03T07:19:29.759+0000] {manager.py:486} INFO - Checking for new files in /opt/airflow/dags every 300 seconds
[2025-06-03T07:19:29.759+0000] {manager.py:726} INFO - Searching for files in /opt/airflow/dags
[2025-06-03T07:19:29.760+0000] {manager.py:729} INFO - There are 0 files in /opt/airflow/dags
